0 info it worked if it ends with ok
1 verbose cli [ 'node',
1 verbose cli   '/home/sashasoft/.nvm/versions/node/v0.12.7/bin/npm',
1 verbose cli   'start' ]
2 info using npm@3.4.1
3 info using node@v0.12.7
4 verbose run-script [ 'prestart', 'start', 'poststart' ]
5 info lifecycle nodeExpressSequelize@0.0.0~prestart: nodeExpressSequelize@0.0.0
6 silly lifecycle nodeExpressSequelize@0.0.0~prestart: no script for prestart, continuing
7 info lifecycle nodeExpressSequelize@0.0.0~start: nodeExpressSequelize@0.0.0
8 verbose lifecycle nodeExpressSequelize@0.0.0~start: unsafe-perm in lifecycle true
9 verbose lifecycle nodeExpressSequelize@0.0.0~start: PATH: /home/sashasoft/.nvm/versions/node/v0.12.7/lib/node_modules/npm/bin/node-gyp-bin:/home/sashasoft/NodeJSproject/nodeExpressSequelize/node_modules/.bin:/home/sashasoft/.rvm/gems/ruby-2.1.1/bin:/home/sashasoft/.rvm/gems/ruby-2.1.1@global/bin:/home/sashasoft/.rvm/rubies/ruby-2.1.1/bin:/home/sashasoft/.nvm/versions/node/v0.12.7/bin:/usr/local/heroku/bin:/usr/lib/lightdm/lightdm:/usr/local/sbin:/usr/local/bin:/usr/sbin:/usr/bin:/sbin:/bin:/usr/games:/home/sashasoft/.rvm/bin
10 verbose lifecycle nodeExpressSequelize@0.0.0~start: CWD: /home/sashasoft/NodeJSproject/nodeExpressSequelize
11 silly lifecycle nodeExpressSequelize@0.0.0~start: Args: [ '-c', 'node ./bin/www' ]
12 silly lifecycle nodeExpressSequelize@0.0.0~start: Returned: code: 1  signal: null
13 info lifecycle nodeExpressSequelize@0.0.0~start: Failed to exec start script
14 verbose stack Error: nodeExpressSequelize@0.0.0 start: `node ./bin/www`
14 verbose stack Exit status 1
14 verbose stack     at EventEmitter.<anonymous> (/home/sashasoft/.nvm/versions/node/v0.12.7/lib/node_modules/npm/lib/utils/lifecycle.js:232:16)
14 verbose stack     at EventEmitter.emit (events.js:110:17)
14 verbose stack     at ChildProcess.<anonymous> (/home/sashasoft/.nvm/versions/node/v0.12.7/lib/node_modules/npm/lib/utils/spawn.js:24:14)
14 verbose stack     at ChildProcess.emit (events.js:110:17)
14 verbose stack     at maybeClose (child_process.js:1015:16)
14 verbose stack     at Process.ChildProcess._handle.onexit (child_process.js:1087:5)
15 verbose pkgid nodeExpressSequelize@0.0.0
16 verbose cwd /home/sashasoft/NodeJSproject/nodeExpressSequelize
17 error Linux 3.2.0-89-generic
18 error argv "node" "/home/sashasoft/.nvm/versions/node/v0.12.7/bin/npm" "start"
19 error node v0.12.7
20 error npm  v3.4.1
21 error code ELIFECYCLE
22 error nodeExpressSequelize@0.0.0 start: `node ./bin/www`
22 error Exit status 1
23 error Failed at the nodeExpressSequelize@0.0.0 start script 'node ./bin/www'.
23 error Make sure you have the latest version of node.js and npm installed.
23 error If you do, this is most likely a problem with the nodeExpressSequelize package,
23 error not with npm itself.
23 error Tell the author that this fails on your system:
23 error     node ./bin/www
23 error You can get their info via:
23 error     npm owner ls nodeExpressSequelize
23 error There is likely additional logging output above.
24 verbose exit [ 1, true ]
